<?xml version="1.0" encoding="UTF-8"?>
<!-- Generated by org.testng.reporters.JUnitXMLReporter -->
<testsuite hostname="LAPTOP-E8PU3SFA" ignored="1" name="Default test" tests="2" failures="0" timestamp="10 Feb 2020 05:52:27 GMT" time="31.728" errors="0">
  <testcase name="createnewContactTest" time="1.844" classname="com.salesforce.qa.testcases.ContactPageTest"/>
  <testcase name="createnewContactTest" time="1.469" classname="com.salesforce.qa.testcases.ContactPageTest"/>
  <testcase name="verifyingContactDropDownTest" time="0.0" classname="com.salesforce.qa.testcases.ContactPageTest">
    <ignored/>
  </testcase> <!-- verifyingContactDropDownTest -->
</testsuite> <!-- Default test -->
