<?xml version="1.0" encoding="UTF-8"?>
<!-- Generated by org.testng.reporters.JUnitXMLReporter -->
<testsuite hostname="LAPTOP-E8PU3SFA" ignored="3" name="Command line test" tests="9" failures="0" timestamp="10 Feb 2020 08:10:16 GMT" time="107.915" errors="0">
  <testcase name="uploadingPicture" time="12.818" classname="com.salesforce.qa.testcases.ProfilePageTest"/>
  <testcase name="verifyingContactDropDownTest" time="1.076" classname="com.salesforce.qa.testcases.ContactPageTest"/>
  <testcase name="loginPageTitleTest" time="0.008" classname="com.salesforce.qa.testcases.LoginPageTest"/>
  <testcase name="createnewContactTest" time="3.969" classname="com.salesforce.qa.testcases.ContactPageTest"/>
  <testcase name="createnewContactTest" time="1.321" classname="com.salesforce.qa.testcases.ContactPageTest"/>
  <testcase name="salesforceLogoTest" time="0.042" classname="com.salesforce.qa.testcases.LoginPageTest"/>
  <testcase name="clickOnContactsPageTest" time="11.725" classname="com.salesforce.qa.testcases.HomePageTest"/>
  <testcase name="loginTest" time="1.288" classname="com.salesforce.qa.testcases.LoginPageTest"/>
  <testcase name="clickonProfileSettingsTest" time="15.401" classname="com.salesforce.qa.testcases.HomePageTest"/>
  <testcase name="verifyUserNameTest" time="0.0" classname="com.salesforce.qa.testcases.HomePageTest">
    <ignored/>
  </testcase> <!-- verifyUserNameTest -->
  <testcase name="verifyHomePageTitleTest" time="0.0" classname="com.salesforce.qa.testcases.HomePageTest">
    <ignored/>
  </testcase> <!-- verifyHomePageTitleTest -->
  <testcase name="clickonLeadPageTest" time="0.0" classname="com.salesforce.qa.testcases.HomePageTest">
    <ignored/>
  </testcase> <!-- clickonLeadPageTest -->
</testsuite> <!-- Command line test -->
